<< CAP LS
<< NICK qbrillai
<< USER qbrillai qbrillai chat.freenode.net :Quentin Brillais
>> :*.freenode.net NOTICE * :*** Looking up your ident...
>> :*.freenode.net NOTICE * :*** Looking up your hostname...
>> :*.freenode.net NOTICE * :*** Could not resolve your hostname: Domain not found; using your IP address (62.129.8.171) instead.
>> :*.freenode.net CAP * LS :account-notify account-tag away-notify batch cap-notify chghost draft/relaymsg echo-message extended-join inspircd.org/poison inspircd.org/standard-replies invite-notify labeled-response message-tags multi-prefix sasl server-time setname userhost-in-names 
<< CAP REQ :multi-prefix
>> PING :UOhLs`B_GN
<< PONG :UOhLs`B_GN
>> :*.freenode.net CAP qbrillai ACK :multi-prefix
<< CAP END
>> :*.freenode.net NOTICE qbrillai :*** Ident lookup timed out, using ~qbrillai instead.
>> :*.freenode.net 001 qbrillai :Welcome to the freenode IRC Network qbrillai!~qbrillai@62.129.8.171
<< MODE qbrillai +i
>> :*.freenode.net 002 qbrillai :Your host is *.freenode.net, running version InspIRCd-3
>> :*.freenode.net 003 qbrillai :This server was created 00:17:59 Apr 21 2022
>> :*.freenode.net 004 qbrillai *.freenode.net InspIRCd-3 BDHILRSTWcdghikorswxz ABCDEFIJKLMNOPQRSTUWXYZbcdefhijklmnoprstuvwz :BEFIJLWXYZbdefhjklovw
>> :*.freenode.net 005 qbrillai ACCEPT=30 AWAYLEN=200 BOT=B CALLERID=g CASEMAPPING=ascii CHANLIMIT=#:20 CHANMODES=IXZbew,k,BEFJLWdfjl,ACDKMNOPQRSTUcimnprstuz CHANNELLEN=64 CHANTYPES=# ELIST=CMNTU ESILENCE=CcdiNnPpTtx EXCEPTS=e :are supported by this server
>> :*.freenode.net 005 qbrillai EXTBAN=,ACNOQRSTUacjmnpruwz HOSTLEN=64 INVEX=I KEYLEN=32 KICKLEN=255 LINELEN=512 MAXLIST=I:100,X:100,b:100,e:100,w:100 MAXTARGETS=20 MODES=20 MONITOR=30 NAMELEN=128 NAMESX NETWORK=freenode :are supported by this server
>> :*.freenode.net 005 qbrillai NICKLEN=30 PREFIX=(Yohv)!@%+ REMOVE SAFELIST SECURELIST=60 SILENCE=32 STATUSMSG=!@%+ TOPICLEN=390 UHNAMES USERIP USERLEN=10 USERMODES=,,s,BDHILRSTWcdghikorwxz VBANLIST :are supported by this server
>> :*.freenode.net 005 qbrillai VLIST=b WATCH=32 WHOX :are supported by this server
>> :*.freenode.net 251 qbrillai :There are 18 users and 10467 invisible on 9 servers
>> :*.freenode.net 252 qbrillai 11 :operator(s) online
>> :*.freenode.net 253 qbrillai 20 :unknown connections
>> :*.freenode.net 254 qbrillai 14184 :channels formed
>> :*.freenode.net 255 qbrillai :I have 3695 clients and 1 servers
>> :*.freenode.net 265 qbrillai :Current local users: 3695  Max: 6046
>> :*.freenode.net 266 qbrillai :Current global users: 10485  Max: 10805
>> :*.freenode.net 375 qbrillai :*.freenode.net message of the day
>> :*.freenode.net 372 qbrillai :  Hello, World!
>> :*.freenode.net 372 qbrillai : 
>> :*.freenode.net 372 qbrillai :  Welcome to the
>> :*.freenode.net 372 qbrillai :          __                               _
>> :*.freenode.net 372 qbrillai :         / _|_ __ ___  ___ _ __   ___   __| | ___
>> :*.freenode.net 372 qbrillai :        | |_| '__/ _ \/ _ \ '_ \ / _ \ / _` |/ _ \
>> :*.freenode.net 372 qbrillai :        |  _| | |  __/  __/ | | | (_) | (_| |  __/
>> :*.freenode.net 372 qbrillai :        |_| |_|  \___|\___|_| |_|\___/ \__,_|\___|
>> :*.freenode.net 372 qbrillai :                                   AUTONOMOUS ZONE
>> :*.freenode.net 372 qbrillai : 
>> :*.freenode.net 372 qbrillai :  Connect to us on:
>> :*.freenode.net 372 qbrillai : 
>> :*.freenode.net 372 qbrillai :  Hostname: irc.freenode.net / chat.freenode.net
>> :*.freenode.net 372 qbrillai :  Plaintext: 6660-6669
>> :*.freenode.net 372 qbrillai :  TLS/SSL: 6697,7000,7070
>> :*.freenode.net 372 qbrillai :  Webchat: https://webchat.freenode.net
>> :*.freenode.net 372 qbrillai : 
>> :*.freenode.net 372 qbrillai :  By connecting to freenode you indicate that you have read and accept our
>> :*.freenode.net 372 qbrillai :  policies and guidelines as set out on https://freenode.net and agree to
>> :*.freenode.net 372 qbrillai :  be scanned for an open proxy.
>> :*.freenode.net 372 qbrillai : 
>> :*.freenode.net 372 qbrillai :  If you are looking for assistance, please try:
>> :*.freenode.net 372 qbrillai : 
>> :*.freenode.net 372 qbrillai :  #help                    - Help with general IRC and Services.
>> :*.freenode.net 372 qbrillai :  #chanhelp                - Help with channels and channel services.
>> :*.freenode.net 372 qbrillai :  #IRC                     - Help with the IRC.com by freenode app.
>> :*.freenode.net 372 qbrillai : 
>> :*.freenode.net 372 qbrillai :  Checkout some of our communities and services:
>> :*.freenode.net 372 qbrillai : 
>> :*.freenode.net 372 qbrillai :  #freenode-bbs            - BBS [https://bbs.freenode.net/]
>> :*.freenode.net 372 qbrillai :  #freenode-bbs-discussion - BBS Discussion
>> :*.freenode.net 372 qbrillai :  #freenode-jobs           - Jobs [https://jobs.freenode.net/]
>> :*.freenode.net 372 qbrillai :  #freenode                - Chat about freenode.
>> :*.freenode.net 372 qbrillai :  #anonchan                - Chat anonymously.
>> :*.freenode.net 372 qbrillai : 
>> :*.freenode.net 372 qbrillai :  Type /join #<channel>
>> :*.freenode.net 372 qbrillai : 
>> :*.freenode.net 372 qbrillai :  Thank you for using freenode!
>> :*.freenode.net 376 qbrillai :End of message of the day.
>> :*.freenode.net 396 qbrillai freenode-a99.759.j1faas.IP :is now your displayed host
>> :qbrillai!~qbrillai@freenode-a99.759.j1faas.IP MODE qbrillai :+wRix
>> :*.freenode.net NOTICE qbrillai :*** You are connected to chat.freenode.net using TLS (SSL) cipher 'TLSv1.3-TLS_AES_256_GCM_SHA384'
<< JOIN #test teds5
>> :qbrillai!~qbrillai@freenode-a99.759.j1faas.IP JOIN :#test
>> :*.freenode.net 353 qbrillai = #test :Daniel071 darkphoenix sc0tt2 qbrillai antoine bogon Ali3000623883101
>> :*.freenode.net 366 qbrillai #test :End of /NAMES list.
<< MODE #test
>> :*.freenode.net 324 qbrillai #test :+nt
--> chanquery mode
<< WHO #test
>> :*.freenode.net 329 qbrillai #test :1650500288
--> event 329
>> :*.freenode.net 352 qbrillai #test ~Daniel071 freenode-fr2.5kn.e4r3kt.IP *.freenode.net Daniel071 Gs :0 Daniel
--> silent event who
>> :*.freenode.net 352 qbrillai #test darkphnx freenode-jo8546.7t3s.ckrk.8fsqam.IP *.freenode.net darkphoenix Hs :0 Jonas B
--> silent event who
>> :*.freenode.net 352 qbrillai #test sid412351 freenode-gvelau.1gcv.uge0.8cnpra.IP *.freenode.net sc0tt2 Hs :0 Scott
--> silent event who
>> :*.freenode.net 352 qbrillai #test ~qbrillai freenode-a99.759.j1faas.IP *.freenode.net qbrillai Hs :0 Quentin Brillais
--> silent event who
>> :*.freenode.net 352 qbrillai #test ~antoine freenode-nda.1d0.9166ff.IP *.freenode.net antoine Hs :0 Antoine
--> silent event who
>> :*.freenode.net 352 qbrillai #test ~bogon freenode-v17.qml.di46ae.IP *.freenode.net bogon Hs :0 ZNC - https://znc.in
--> silent event who
>> :*.freenode.net 352 qbrillai #test ~Ali3000 freenode-4et.ioc.j44gio.IP *.freenode.net Ali3000623883101 Hs :0 The Lounge User
--> silent event who
>> :*.freenode.net 315 qbrillai #test :End of /WHO list.
--> chanquery who end
<< MODE #test b
>> :*.freenode.net 368 qbrillai #test :End of channel ban list
--> chanquery ban end
<< PING *.freenode.net
>> :*.freenode.net PONG *.freenode.net :*.freenode.net
--> lag pong
<< PART #test
>> :qbrillai!~qbrillai@freenode-a99.759.j1faas.IP PART :#test
<< JOIN #test teds5 sdasd
>> :qbrillai!~qbrillai@freenode-a99.759.j1faas.IP JOIN :#test
>> :*.freenode.net 353 qbrillai = #test :Daniel071 darkphoenix sc0tt2 qbrillai antoine bogon Ali3000623883101
>> :*.freenode.net 366 qbrillai #test :End of /NAMES list.
<< MODE #test
>> :*.freenode.net 324 qbrillai #test :+nt
--> chanquery mode
<< WHO #test
>> :*.freenode.net 329 qbrillai #test :1650500288
--> event 329
>> :*.freenode.net 352 qbrillai #test ~Daniel071 freenode-fr2.5kn.e4r3kt.IP *.freenode.net Daniel071 Gs :0 Daniel
--> silent event who
>> :*.freenode.net 352 qbrillai #test darkphnx freenode-jo8546.7t3s.ckrk.8fsqam.IP *.freenode.net darkphoenix Hs :0 Jonas B
--> silent event who
>> :*.freenode.net 352 qbrillai #test sid412351 freenode-gvelau.1gcv.uge0.8cnpra.IP *.freenode.net sc0tt2 Hs :0 Scott
--> silent event who
>> :*.freenode.net 352 qbrillai #test ~qbrillai freenode-a99.759.j1faas.IP *.freenode.net qbrillai Hs :0 Quentin Brillais
--> silent event who
>> :*.freenode.net 352 qbrillai #test ~antoine freenode-nda.1d0.9166ff.IP *.freenode.net antoine Hs :0 Antoine
--> silent event who
>> :*.freenode.net 352 qbrillai #test ~bogon freenode-v17.qml.di46ae.IP *.freenode.net bogon Hs :0 ZNC - https://znc.in
--> silent event who
>> :*.freenode.net 352 qbrillai #test ~Ali3000 freenode-4et.ioc.j44gio.IP *.freenode.net Ali3000623883101 Hs :0 The Lounge User
--> silent event who
>> :*.freenode.net 315 qbrillai #test :End of /WHO list.
--> chanquery who end
<< MODE #test b
>> :*.freenode.net 368 qbrillai #test :End of channel ban list
--> chanquery ban end
<< PING *.freenode.net
>> :*.freenode.net PONG *.freenode.net :*.freenode.net
--> lag pong
<< PING *.freenode.net
>> :*.freenode.net PONG *.freenode.net :*.freenode.net
--> lag pong
