>> :*.freenode.net PONG *.freenode.net :*.freenode.net
--> lag pong
<< PING *.freenode.net
>> :*.freenode.net PONG *.freenode.net :*.freenode.net
--> lag pong
<< PING *.freenode.net
>> :*.freenode.net PONG *.freenode.net :*.freenode.net
--> lag pong
<< PING *.freenode.net
>> :*.freenode.net PONG *.freenode.net :*.freenode.net
--> lag pong
<< PING *.freenode.net
>> :*.freenode.net PONG *.freenode.net :*.freenode.net
--> lag pong
<< PING *.freenode.net
>> :*.freenode.net PONG *.freenode.net :*.freenode.net
--> lag pong
<< PING *.freenode.net
>> :*.freenode.net PONG *.freenode.net :*.freenode.net
--> lag pong
<< PING *.freenode.net
>> :*.freenode.net PONG *.freenode.net :*.freenode.net
--> lag pong
<< PING *.freenode.net
>> :*.freenode.net PONG *.freenode.net :*.freenode.net
--> lag pong
<< PING *.freenode.net
>> :*.freenode.net PONG *.freenode.net :*.freenode.net
--> lag pong
<< PING *.freenode.net
>> :*.freenode.net PONG *.freenode.net :*.freenode.net
--> lag pong
<< PING *.freenode.net
>> :*.freenode.net PONG *.freenode.net :*.freenode.net
--> lag pong
<< PING *.freenode.net
>> :*.freenode.net PONG *.freenode.net :*.freenode.net
--> lag pong
<< PING *.freenode.net
>> :*.freenode.net PONG *.freenode.net :*.freenode.net
--> lag pong
<< PING *.freenode.net
>> :*.freenode.net PONG *.freenode.net :*.freenode.net
--> lag pong
<< PING *.freenode.net
>> :*.freenode.net PONG *.freenode.net :*.freenode.net
--> lag pong
<< PING *.freenode.net
>> :*.freenode.net PONG *.freenode.net :*.freenode.net
--> lag pong
<< PING *.freenode.net
>> :*.freenode.net PONG *.freenode.net :*.freenode.net
--> lag pong
<< PING *.freenode.net
>> :*.freenode.net PONG *.freenode.net :*.freenode.net
--> lag pong
<< PING *.freenode.net
>> :*.freenode.net PONG *.freenode.net :*.freenode.net
--> lag pong
<< PING *.freenode.net
>> :*.freenode.net PONG *.freenode.net :*.freenode.net
--> lag pong
<< PING *.freenode.net
>> :*.freenode.net PONG *.freenode.net :*.freenode.net
--> lag pong
<< PING *.freenode.net
>> :*.freenode.net PONG *.freenode.net :*.freenode.net
--> lag pong
<< PING *.freenode.net
>> :*.freenode.net PONG *.freenode.net :*.freenode.net
--> lag pong
<< PING *.freenode.net
>> :*.freenode.net PONG *.freenode.net :*.freenode.net
--> lag pong
<< PING *.freenode.net
>> :*.freenode.net PONG *.freenode.net :*.freenode.net
--> lag pong
<< PING *.freenode.net
>> :*.freenode.net PONG *.freenode.net :*.freenode.net
--> lag pong
<< PING *.freenode.net
>> :*.freenode.net PONG *.freenode.net :*.freenode.net
--> lag pong
<< PING *.freenode.net
>> :*.freenode.net PONG *.freenode.net :*.freenode.net
--> lag pong
<< PING *.freenode.net
>> :*.freenode.net PONG *.freenode.net :*.freenode.net
--> lag pong
<< PING *.freenode.net
>> :*.freenode.net PONG *.freenode.net :*.freenode.net
--> lag pong
<< PING *.freenode.net
>> :*.freenode.net PONG *.freenode.net :*.freenode.net
--> lag pong
<< PING *.freenode.net
>> :*.freenode.net PONG *.freenode.net :*.freenode.net
--> lag pong
<< PING *.freenode.net
>> :*.freenode.net PONG *.freenode.net :*.freenode.net
--> lag pong
<< PING *.freenode.net
>> :*.freenode.net PONG *.freenode.net :*.freenode.net
--> lag pong
<< PING *.freenode.net
>> :*.freenode.net PONG *.freenode.net :*.freenode.net
--> lag pong
<< PING *.freenode.net
>> :*.freenode.net PONG *.freenode.net :*.freenode.net
--> lag pong
<< PING *.freenode.net
>> :*.freenode.net PONG *.freenode.net :*.freenode.net
--> lag pong
<< PING *.freenode.net
>> :*.freenode.net PONG *.freenode.net :*.freenode.net
--> lag pong
<< PING *.freenode.net
>> :*.freenode.net PONG *.freenode.net :*.freenode.net
--> lag pong
<< PING *.freenode.net
>> :*.freenode.net PONG *.freenode.net :*.freenode.net
--> lag pong
<< PING *.freenode.net
>> :*.freenode.net PONG *.freenode.net :*.freenode.net
--> lag pong
<< PING *.freenode.net
>> :*.freenode.net PONG *.freenode.net :*.freenode.net
--> lag pong
<< PING *.freenode.net
>> :*.freenode.net PONG *.freenode.net :*.freenode.net
--> lag pong
<< PING *.freenode.net
>> :*.freenode.net PONG *.freenode.net :*.freenode.net
--> lag pong
<< PING *.freenode.net
>> :*.freenode.net PONG *.freenode.net :*.freenode.net
--> lag pong
<< PING *.freenode.net
>> :*.freenode.net PONG *.freenode.net :*.freenode.net
--> lag pong
<< PING *.freenode.net
>> :*.freenode.net PONG *.freenode.net :*.freenode.net
--> lag pong
<< PING *.freenode.net
>> :*.freenode.net PONG *.freenode.net :*.freenode.net
--> lag pong
<< PING *.freenode.net
>> :*.freenode.net PONG *.freenode.net :*.freenode.net
--> lag pong
<< PING *.freenode.net
>> :*.freenode.net PONG *.freenode.net :*.freenode.net
--> lag pong
<< PING *.freenode.net
>> :*.freenode.net PONG *.freenode.net :*.freenode.net
--> lag pong
<< PING *.freenode.net
>> :*.freenode.net PONG *.freenode.net :*.freenode.net
--> lag pong
<< PING *.freenode.net
>> :*.freenode.net PONG *.freenode.net :*.freenode.net
--> lag pong
<< PING *.freenode.net
>> :*.freenode.net PONG *.freenode.net :*.freenode.net
--> lag pong
<< PING *.freenode.net
>> :*.freenode.net PONG *.freenode.net :*.freenode.net
--> lag pong
<< MODE #jeteste -m
<< PING *.freenode.net
>> :*.freenode.net PONG *.freenode.net :*.freenode.net
--> lag pong
>> :jean-bon!~jpillet@freenode-a99.759.j1faas.IP PRIVMSG #jeteste :dasdad
<< MODE m
>> :*.freenode.net 502 jpillet :Can't view modes for other users
<< PING *.freenode.net
>> :*.freenode.net PONG *.freenode.net :*.freenode.net
--> lag pong
<< MODE #jeteste +m
>> :jpillet!~jpillet@freenode-a99.759.j1faas.IP MODE #jeteste :+m
<< MODE #jeteste +m
<< MODE #jeteste -m
>> :jpillet!~jpillet@freenode-a99.759.j1faas.IP MODE #jeteste :-m
<< PING *.freenode.net
>> :*.freenode.net PONG *.freenode.net :*.freenode.net
--> lag pong
<< PING *.freenode.net
>> :*.freenode.net PONG *.freenode.net :*.freenode.net
--> lag pong
<< PING *.freenode.net
>> :*.freenode.net PONG *.freenode.net :*.freenode.net
--> lag pong
<< PING *.freenode.net
>> :*.freenode.net PONG *.freenode.net :*.freenode.net
--> lag pong
<< PING *.freenode.net
>> :*.freenode.net PONG *.freenode.net :*.freenode.net
--> lag pong
<< PING *.freenode.net
>> :*.freenode.net PONG *.freenode.net :*.freenode.net
--> lag pong
