NICK sdfsdf
USER sdfsdf juya chat.freenode.net :Juya
<< CAP LS
<< NICK juya
<< USER juya juya chat.freenode.net :Juya
>> :*.freenode.net NOTICE * :*** Looking up your ident...
>> :*.freenode.net NOTICE * :*** Looking up your hostname...
>> :*.freenode.net NOTICE * :*** Found your hostname (vav06-1-78-207-202-87.fbx.proxad.net) -- cached
>> :*.freenode.net CAP * LS :account-notify account-tag away-notify batch cap-notify chghost draft/relaymsg echo-message extended-join inspircd.org/poison inspircd.org/standard-replies invite-notify labeled-response message-tags multi-prefix sasl server-time setname userhost-in-names 
<< CAP REQ :multi-prefix
>> PING :uMXZ\^CBEP
<< PONG :uMXZ\^CBEP
>> :*.freenode.net CAP juya ACK :multi-prefix
<< CAP END
>> :*.freenode.net NOTICE juya :*** Could not find your ident, using ~juya instead.
>> :*.freenode.net 001 juya :Welcome to the freenode IRC Network juya!~juya@vav06-1-78-207-202-87.fbx.proxad.net
<< MODE juya +i
>> :*.freenode.net 002 juya :Your host is *.freenode.net, running version InspIRCd-3
>> :*.freenode.net 003 juya :This server was created 23:06:04 Apr 20 2022
>> :*.freenode.net 004 juya *.freenode.net InspIRCd-3 BDHILRSTWcdghikorswxz ABCDEFIJKLMNOPQRSTUWXYZbcdefhijklmnoprstuvwz :BEFIJLWXYZbdefhjklovw
>> :*.freenode.net 005 juya ACCEPT=30 AWAYLEN=200 BOT=B CALLERID=g CASEMAPPING=ascii CHANLIMIT=#:20 CHANMODES=IXZbew,k,BEFJLWdfjl,ACDKMNOPQRSTUcimnprstuz CHANNELLEN=64 CHANTYPES=# ELIST=CMNTU ESILENCE=CcdiNnPpTtx EXCEPTS=e :are supported by this server
>> :*.freenode.net 005 juya EXTBAN=,ACNOQRSTUacjmnpruwz HOSTLEN=64 INVEX=I KEYLEN=32 KICKLEN=255 LINELEN=512 MAXLIST=I:100,X:100,b:100,e:100,w:100 MAXTARGETS=20 MODES=20 MONITOR=30 NAMELEN=128 NAMESX NETWORK=freenode :are supported by this server
>> :*.freenode.net 005 juya NICKLEN=30 PREFIX=(Yohv)!@%+ REMOVE SAFELIST SECURELIST=60 SILENCE=32 STATUSMSG=!@%+ TOPICLEN=390 UHNAMES USERIP USERLEN=10 USERMODES=,,s,BDHILRSTWcdghikorwxz VBANLIST :are supported by this server
>> :*.freenode.net 005 juya VLIST=b WATCH=32 WHOX :are supported by this server
>> :*.freenode.net 251 juya :There are 23 users and 10475 invisible on 9 servers
>> :*.freenode.net 252 juya 8 :operator(s) online
>> :*.freenode.net 253 juya 22 :unknown connections
>> :*.freenode.net 254 juya 14288 :channels formed
>> :*.freenode.net 255 juya :I have 3119 clients and 1 servers
>> :*.freenode.net 265 juya :Current local users: 3119  Max: 3246
>> :*.freenode.net 266 juya :Current global users: 10498  Max: 10916
>> :*.freenode.net 375 juya :*.freenode.net message of the day
>> :*.freenode.net 372 juya :  Hello, World!
>> :*.freenode.net 372 juya : 
>> :*.freenode.net 372 juya :  Welcome to the
>> :*.freenode.net 372 juya :          __                               _
>> :*.freenode.net 372 juya :         / _|_ __ ___  ___ _ __   ___   __| | ___
>> :*.freenode.net 372 juya :        | |_| '__/ _ \/ _ \ '_ \ / _ \ / _` |/ _ \
>> :*.freenode.net 372 juya :        |  _| | |  __/  __/ | | | (_) | (_| |  __/
>> :*.freenode.net 372 juya :        |_| |_|  \___|\___|_| |_|\___/ \__,_|\___|
>> :*.freenode.net 372 juya :                                   AUTONOMOUS ZONE
>> :*.freenode.net 372 juya : 
>> :*.freenode.net 372 juya :  Connect to us on:
>> :*.freenode.net 372 juya : 
>> :*.freenode.net 372 juya :  Hostname: irc.freenode.net / chat.freenode.net
>> :*.freenode.net 372 juya :  Plaintext: 6660-6669
>> :*.freenode.net 372 juya :  TLS/SSL: 6697,7000,7070
>> :*.freenode.net 372 juya :  Webchat: https://webchat.freenode.net
>> :*.freenode.net 372 juya : 
>> :*.freenode.net 372 juya :  By connecting to freenode you indicate that you have read and accept our
>> :*.freenode.net 372 juya :  policies and guidelines as set out on https://freenode.net and agree to
>> :*.freenode.net 372 juya :  be scanned for an open proxy.
>> :*.freenode.net 372 juya : 
>> :*.freenode.net 372 juya :  If you are looking for assistance, please try:
>> :*.freenode.net 372 juya : 
>> :*.freenode.net 372 juya :  #help                    - Help with general IRC and Services.
>> :*.freenode.net 372 juya :  #chanhelp                - Help with channels and channel services.
>> :*.freenode.net 372 juya :  #IRC                     - Help with the IRC.com by freenode app.
>> :*.freenode.net 372 juya : 
>> :*.freenode.net 372 juya :  Checkout some of our communities and services:
>> :*.freenode.net 372 juya : 
>> :*.freenode.net 372 juya :  #freenode-bbs            - BBS [https://bbs.freenode.net/]
>> :*.freenode.net 372 juya :  #freenode-bbs-discussion - BBS Discussion
>> :*.freenode.net 372 juya :  #freenode-jobs           - Jobs [https://jobs.freenode.net/]
>> :*.freenode.net 372 juya :  #freenode                - Chat about freenode.
>> :*.freenode.net 372 juya :  #anonchan                - Chat anonymously.
>> :*.freenode.net 372 juya : 
>> :*.freenode.net 372 juya :  Type /join #<channel>
>> :*.freenode.net 372 juya : 
>> :*.freenode.net 372 juya :  Thank you for using freenode!
>> :*.freenode.net 376 juya :End of message of the day.
>> :*.freenode.net 396 juya freenode-3ij.8vd.gqv063.IP :is now your displayed host
>> :juya!~juya@freenode-3ij.8vd.gqv063.IP MODE juya :+wRix
>> :*.freenode.net NOTICE juya :*** You are connected to chat.freenode.net using TLS (SSL) cipher 'TLSv1.3-TLS_AES_256_GCM_SHA384'
<< PING *.freenode.net
>> :*.freenode.net PONG *.freenode.net :*.freenode.net
--> lag pong
